This is pdfTeX, Version 3.141592653-2.6-1.40.22 (TeX Live 2021) (preloaded format=pdflatex 2021.4.11)  17 APR 2021 14:22
entering extended mode
 restricted \write18 enabled.
 %&-line parsing enabled.
**Final_Report.tex
(./Final_Report.tex
LaTeX2e <2020-10-01> patch level 4
L3 programming layer <2021-02-18> (/home/jovyan/.TinyTeX/texmf-dist/tex/latex/b
ase/article.cls
Document Class: article 2020/04/10 v1.4m Standard LaTeX document class
(/home/jovyan/.TinyTeX/texmf-dist/tex/latex/base/size10.clo
File: size10.clo 2020/04/10 v1.4m Standard LaTeX file (size option)
)
\c@part=\count179
\c@section=\count180
\c@subsection=\count181
\c@subsubsection=\count182
\c@paragraph=\count183
\c@subparagraph=\count184
\c@figure=\count185
\c@table=\count186
\abovecaptionskip=\skip47
\belowcaptionskip=\skip48
\bibindent=\dimen138
) (/home/jovyan/.TinyTeX/texmf-dist/tex/latex/lm/lmodern.sty
Package: lmodern 2015/05/01 v1.6.1 Latin Modern Fonts
LaTeX Font Info:    Overwriting symbol font `operators' in version `normal'
(Font)                  OT1/cmr/m/n --> OT1/lmr/m/n on input line 22.
LaTeX Font Info:    Overwriting symbol font `letters' in version `normal'
(Font)                  OML/cmm/m/it --> OML/lmm/m/it on input line 23.
LaTeX Font Info:    Overwriting symbol font `symbols' in version `normal'
(Font)                  OMS/cmsy/m/n --> OMS/lmsy/m/n on input line 24.
LaTeX Font Info:    Overwriting symbol font `largesymbols' in version `normal'
(Font)                  OMX/cmex/m/n --> OMX/lmex/m/n on input line 25.
LaTeX Font Info:    Overwriting symbol font `operators' in version `bold'
(Font)                  OT1/cmr/bx/n --> OT1/lmr/bx/n on input line 26.
LaTeX Font Info:    Overwriting symbol font `letters' in version `bold'
(Font)                  OML/cmm/b/it --> OML/lmm/b/it on input line 27.
LaTeX Font Info:    Overwriting symbol font `symbols' in version `bold'
(Font)                  OMS/cmsy/b/n --> OMS/lmsy/b/n on input line 28.
LaTeX Font Info:    Overwriting symbol font `largesymbols' in version `bold'
(Font)                  OMX/cmex/m/n --> OMX/lmex/m/n on input line 29.
LaTeX Font Info:    Overwriting math alphabet `\mathbf' in version `normal'
(Font)                  OT1/cmr/bx/n --> OT1/lmr/bx/n on input line 31.
LaTeX Font Info:    Overwriting math alphabet `\mathsf' in version `normal'
(Font)                  OT1/cmss/m/n --> OT1/lmss/m/n on input line 32.
LaTeX Font Info:    Overwriting math alphabet `\mathit' in version `normal'
(Font)                  OT1/cmr/m/it --> OT1/lmr/m/it on input line 33.
LaTeX Font Info:    Overwriting math alphabet `\mathtt' in version `normal'
(Font)                  OT1/cmtt/m/n --> OT1/lmtt/m/n on input line 34.
LaTeX Font Info:    Overwriting math alphabet `\mathbf' in version `bold'
(Font)                  OT1/cmr/bx/n --> OT1/lmr/bx/n on input line 35.
LaTeX Font Info:    Overwriting math alphabet `\mathsf' in version `bold'
(Font)                  OT1/cmss/bx/n --> OT1/lmss/bx/n on input line 36.
LaTeX Font Info:    Overwriting math alphabet `\mathit' in version `bold'
(Font)                  OT1/cmr/bx/it --> OT1/lmr/bx/it on input line 37.
LaTeX Font Info:    Overwriting math alphabet `\mathtt' in version `bold'
(Font)                  OT1/cmtt/m/n --> OT1/lmtt/m/n on input line 38.
) (/home/jovyan/.TinyTeX/texmf-dist/tex/latex/amsfonts/amssymb.sty
Package: amssymb 2013/01/14 v3.01 AMS font symbols
(/home/jovyan/.TinyTeX/texmf-dist/tex/latex/amsfonts/amsfonts.sty
Package: amsfonts 2013/01/14 v3.01 Basic AMSFonts support
\@emptytoks=\toks15
\symAMSa=\mathgroup4
\symAMSb=\mathgroup5
LaTeX Font Info:    Redeclaring math symbol \hbar on input line 98.
LaTeX Font Info:    Overwriting math alphabet `\mathfrak' in version `bold'
(Font)                  U/euf/m/n --> U/euf/b/n on input line 106.
)) (/home/jovyan/.TinyTeX/texmf-dist/tex/latex/amsmath/amsmath.sty
Package: amsmath 2020/09/23 v2.17i AMS math features
\@mathmargin=\skip49
For additional information on amsmath, use the `?' option.
(/home/jovyan/.TinyTeX/texmf-dist/tex/latex/amsmath/amstext.sty
Package: amstext 2000/06/29 v2.01 AMS text
(/home/jovyan/.TinyTeX/texmf-dist/tex/latex/amsmath/amsgen.sty
File: amsgen.sty 1999/11/30 v2.0 generic functions
\@emptytoks=\toks16
\ex@=\dimen139
)) (/home/jovyan/.TinyTeX/texmf-dist/tex/latex/amsmath/amsbsy.sty
Package: amsbsy 1999/11/29 v1.2d Bold Symbols
\pmbraise@=\dimen140
) (/home/jovyan/.TinyTeX/texmf-dist/tex/latex/amsmath/amsopn.sty
Package: amsopn 2016/03/08 v2.02 operator names
)
\inf@bad=\count187
LaTeX Info: Redefining \frac on input line 234.
\uproot@=\count188
\leftroot@=\count189
LaTeX Info: Redefining \overline on input line 399.
\classnum@=\count190
\DOTSCASE@=\count191
LaTeX Info: Redefining \ldots on input line 496.
LaTeX Info: Redefining \dots on input line 499.
LaTeX Info: Redefining \cdots on input line 620.
\Mathstrutbox@=\box47
\strutbox@=\box48
\big@size=\dimen141
LaTeX Font Info:    Redeclaring font encoding OML on input line 743.
LaTeX Font Info:    Redeclaring font encoding OMS on input line 744.
\macc@depth=\count192
\c@MaxMatrixCols=\count193
\dotsspace@=\muskip16
\c@parentequation=\count194
\dspbrk@lvl=\count195
\tag@help=\toks17
\row@=\count196
\column@=\count197
\maxfields@=\count198
\andhelp@=\toks18
\eqnshift@=\dimen142
\alignsep@=\dimen143
\tagshift@=\dimen144
\tagwidth@=\dimen145
\totwidth@=\dimen146
\lineht@=\dimen147
\@envbody=\toks19
\multlinegap=\skip50
\multlinetaggap=\skip51
\mathdisplay@stack=\toks20
LaTeX Info: Redefining \[ on input line 2923.
LaTeX Info: Redefining \] on input line 2924.
) (/home/jovyan/.TinyTeX/texmf-dist/tex/generic/iftex/ifxetex.sty
Package: ifxetex 2019/10/25 v0.7 ifxetex legacy package. Use iftex instead.
(/home/jovyan/.TinyTeX/texmf-dist/tex/generic/iftex/iftex.sty
Package: iftex 2020/03/06 v1.0d TeX engine tests
)) (/home/jovyan/.TinyTeX/texmf-dist/tex/generic/iftex/ifluatex.sty
Package: ifluatex 2019/10/25 v1.5 ifluatex legacy package. Use iftex instead.
) (/home/jovyan/.TinyTeX/texmf-dist/tex/latex/base/fontenc.sty
Package: fontenc 2020/08/10 v2.0s Standard LaTeX package
LaTeX Font Info:    Trying to load font information for T1+lmr on input line 11
2.
(/home/jovyan/.TinyTeX/texmf-dist/tex/latex/lm/t1lmr.fd
File: t1lmr.fd 2015/05/01 v1.6.1 Font defs for Latin Modern
)) (/home/jovyan/.TinyTeX/texmf-dist/tex/latex/base/inputenc.sty
Package: inputenc 2020/08/01 v1.3d Input encoding file
\inpenc@prehook=\toks21
\inpenc@posthook=\toks22
) (/home/jovyan/.TinyTeX/texmf-dist/tex/latex/base/textcomp.sty
Package: textcomp 2020/02/02 v2.0n Standard LaTeX package
) (/home/jovyan/.TinyTeX/texmf-dist/tex/latex/xcolor/xcolor.sty
Package: xcolor 2016/05/11 v2.12 LaTeX color extensions (UK)
(/home/jovyan/.TinyTeX/texmf-dist/tex/latex/graphics-cfg/color.cfg
File: color.cfg 2016/01/02 v1.6 sample color configuration
)
Package xcolor Info: Driver file: pdftex.def on input line 225.
(/home/jovyan/.TinyTeX/texmf-dist/tex/latex/graphics-def/pdftex.def
File: pdftex.def 2020/10/05 v1.2a Graphics/color driver for pdftex
)
Package xcolor Info: Model `cmy' substituted by `cmy0' on input line 1348.
Package xcolor Info: Model `hsb' substituted by `rgb' on input line 1352.
Package xcolor Info: Model `RGB' extended on input line 1364.
Package xcolor Info: Model `HTML' substituted by `rgb' on input line 1366.
Package xcolor Info: Model `Hsb' substituted by `hsb' on input line 1367.
Package xcolor Info: Model `tHsb' substituted by `hsb' on input line 1368.
Package xcolor Info: Model `HSB' substituted by `hsb' on input line 1369.
Package xcolor Info: Model `Gray' substituted by `gray' on input line 1370.
Package xcolor Info: Model `wave' substituted by `hsb' on input line 1371.
) (/home/jovyan/.TinyTeX/texmf-dist/tex/latex/hyperref/hyperref.sty
Package: hyperref 2021-02-27 v7.00k Hypertext links for LaTeX
(/home/jovyan/.TinyTeX/texmf-dist/tex/generic/ltxcmds/ltxcmds.sty
Package: ltxcmds 2020-05-10 v1.25 LaTeX kernel commands for general use (HO)
) (/home/jovyan/.TinyTeX/texmf-dist/tex/generic/pdftexcmds/pdftexcmds.sty
Package: pdftexcmds 2020-06-27 v0.33 Utility functions of pdfTeX for LuaTeX (HO
)
(/home/jovyan/.TinyTeX/texmf-dist/tex/generic/infwarerr/infwarerr.sty
Package: infwarerr 2019/12/03 v1.5 Providing info/warning/error messages (HO)
)
Package pdftexcmds Info: \pdf@primitive is available.
Package pdftexcmds Info: \pdf@ifprimitive is available.
Package pdftexcmds Info: \pdfdraftmode found.
) (/home/jovyan/.TinyTeX/texmf-dist/tex/latex/graphics/keyval.sty
Package: keyval 2014/10/28 v1.15 key=value parser (DPC)
\KV@toks@=\toks23
) (/home/jovyan/.TinyTeX/texmf-dist/tex/generic/kvsetkeys/kvsetkeys.sty
Package: kvsetkeys 2019/12/15 v1.18 Key value parser (HO)
) (/home/jovyan/.TinyTeX/texmf-dist/tex/generic/kvdefinekeys/kvdefinekeys.sty
Package: kvdefinekeys 2019-12-19 v1.6 Define keys (HO)
) (/home/jovyan/.TinyTeX/texmf-dist/tex/generic/pdfescape/pdfescape.sty
Package: pdfescape 2019/12/09 v1.15 Implements pdfTeX's escape features (HO)
) (/home/jovyan/.TinyTeX/texmf-dist/tex/latex/hycolor/hycolor.sty
Package: hycolor 2020-01-27 v1.10 Color options for hyperref/bookmark (HO)
) (/home/jovyan/.TinyTeX/texmf-dist/tex/latex/letltxmacro/letltxmacro.sty
Package: letltxmacro 2019/12/03 v1.6 Let assignment for LaTeX macros (HO)
) (/home/jovyan/.TinyTeX/texmf-dist/tex/latex/auxhook/auxhook.sty
Package: auxhook 2019-12-17 v1.6 Hooks for auxiliary files (HO)
) (/home/jovyan/.TinyTeX/texmf-dist/tex/latex/kvoptions/kvoptions.sty
Package: kvoptions 2020-10-07 v3.14 Key value format for package options (HO)
)
\@linkdim=\dimen148
\Hy@linkcounter=\count199
\Hy@pagecounter=\count266
(/home/jovyan/.TinyTeX/texmf-dist/tex/latex/hyperref/pd1enc.def
File: pd1enc.def 2021-02-27 v7.00k Hyperref: PDFDocEncoding definition (HO)
Now handling font encoding PD1 ...
... no UTF-8 mapping file for font encoding PD1
) (/home/jovyan/.TinyTeX/texmf-dist/tex/latex/hyperref/hyperref-langpatches.def
File: hyperref-langpatches.def 2021-02-27 v7.00k Hyperref: patches for babel la
nguages
) (/home/jovyan/.TinyTeX/texmf-dist/tex/generic/intcalc/intcalc.sty
Package: intcalc 2019/12/15 v1.3 Expandable calculations with integers (HO)
) (/home/jovyan/.TinyTeX/texmf-dist/tex/generic/etexcmds/etexcmds.sty
Package: etexcmds 2019/12/15 v1.7 Avoid name clashes with e-TeX commands (HO)
)
\Hy@SavedSpaceFactor=\count267
(/home/jovyan/.TinyTeX/texmf-dist/tex/latex/hyperref/puenc.def
File: puenc.def 2021-02-27 v7.00k Hyperref: PDF Unicode definition (HO)
Now handling font encoding PU ...
... no UTF-8 mapping file for font encoding PU
)
Package hyperref Info: Option `unicode' set `true' on input line 4073.
Package hyperref Info: Hyper figures OFF on input line 4192.
Package hyperref Info: Link nesting OFF on input line 4197.
Package hyperref Info: Hyper index ON on input line 4200.
Package hyperref Info: Plain pages OFF on input line 4207.
Package hyperref Info: Backreferencing OFF on input line 4212.
Package hyperref Info: Implicit mode ON; LaTeX internals redefined.
Package hyperref Info: Bookmarks ON on input line 4445.
\c@Hy@tempcnt=\count268
(/home/jovyan/.TinyTeX/texmf-dist/tex/latex/url/url.sty
\Urlmuskip=\muskip17
Package: url 2013/09/16  ver 3.4  Verb mode for urls, etc.
)
LaTeX Info: Redefining \url on input line 4804.
\XeTeXLinkMargin=\dimen149
(/home/jovyan/.TinyTeX/texmf-dist/tex/generic/bitset/bitset.sty
Package: bitset 2019/12/09 v1.3 Handle bit-vector datatype (HO)
(/home/jovyan/.TinyTeX/texmf-dist/tex/generic/bigintcalc/bigintcalc.sty
Package: bigintcalc 2019/12/15 v1.5 Expandable calculations on big integers (HO
)
))
\Fld@menulength=\count269
\Field@Width=\dimen150
\Fld@charsize=\dimen151
Package hyperref Info: Hyper figures OFF on input line 6075.
Package hyperref Info: Link nesting OFF on input line 6080.
Package hyperref Info: Hyper index ON on input line 6083.
Package hyperref Info: backreferencing OFF on input line 6090.
Package hyperref Info: Link coloring OFF on input line 6095.
Package hyperref Info: Link coloring with OCG OFF on input line 6100.
Package hyperref Info: PDF/A mode OFF on input line 6105.
LaTeX Info: Redefining \ref on input line 6145.
LaTeX Info: Redefining \pageref on input line 6149.
(/home/jovyan/.TinyTeX/texmf-dist/tex/latex/base/atbegshi-ltx.sty
Package: atbegshi-ltx 2020/08/17 v1.0a Emulation of the original atbegshi packa
ge
with kernel methods
)
\Hy@abspage=\count270
\c@Item=\count271
\c@Hfootnote=\count272
)
Package hyperref Info: Driver (autodetected): hpdftex.
(/home/jovyan/.TinyTeX/texmf-dist/tex/latex/hyperref/hpdftex.def
File: hpdftex.def 2021-02-27 v7.00k Hyperref driver for pdfTeX
(/home/jovyan/.TinyTeX/texmf-dist/tex/latex/base/atveryend-ltx.sty
Package: atveryend-ltx 2020/08/19 v1.0a Emulation of the original atvery packag
e
with kernel methods
)
\Fld@listcount=\count273
\c@bookmark@seq@number=\count274
(/home/jovyan/.TinyTeX/texmf-dist/tex/latex/rerunfilecheck/rerunfilecheck.sty
Package: rerunfilecheck 2019/12/05 v1.9 Rerun checks for auxiliary files (HO)
(/home/jovyan/.TinyTeX/texmf-dist/tex/generic/uniquecounter/uniquecounter.sty
Package: uniquecounter 2019/12/15 v1.4 Provide unlimited unique counter (HO)
)
Package uniquecounter Info: New unique counter `rerunfilecheck' on input line 2
86.
)
\Hy@SectionHShift=\skip52
) (/home/jovyan/.TinyTeX/texmf-dist/tex/latex/geometry/geometry.sty
Package: geometry 2020/01/02 v5.9 Page Geometry
(/home/jovyan/.TinyTeX/texmf-dist/tex/generic/iftex/ifvtex.sty
Package: ifvtex 2019/10/25 v1.7 ifvtex legacy package. Use iftex instead.
)
\Gm@cnth=\count275
\Gm@cntv=\count276
\c@Gm@tempcnt=\count277
\Gm@bindingoffset=\dimen152
\Gm@wd@mp=\dimen153
\Gm@odd@mp=\dimen154
\Gm@even@mp=\dimen155
\Gm@layoutwidth=\dimen156
\Gm@layoutheight=\dimen157
\Gm@layouthoffset=\dimen158
\Gm@layoutvoffset=\dimen159
\Gm@dimlist=\toks24
) (/home/jovyan/.TinyTeX/texmf-dist/tex/latex/graphics/graphicx.sty
Package: graphicx 2020/09/09 v1.2b Enhanced LaTeX Graphics (DPC,SPQR)
(/home/jovyan/.TinyTeX/texmf-dist/tex/latex/graphics/graphics.sty
Package: graphics 2020/08/30 v1.4c Standard LaTeX Graphics (DPC,SPQR)
(/home/jovyan/.TinyTeX/texmf-dist/tex/latex/graphics/trig.sty
Package: trig 2016/01/03 v1.10 sin cos tan (DPC)
) (/home/jovyan/.TinyTeX/texmf-dist/tex/latex/graphics-cfg/graphics.cfg
File: graphics.cfg 2016/06/04 v1.11 sample graphics configuration
)
Package graphics Info: Driver file: pdftex.def on input line 105.
)
\Gin@req@height=\dimen160
\Gin@req@width=\dimen161
) (/home/jovyan/.TinyTeX/texmf-dist/tex/latex/grffile/grffile.sty
Package: grffile 2019/11/11 v2.1 Extended file name support for graphics (legac
y)
Package grffile Info: This package is an empty stub for compatibility on input 
line 40.
) (/home/jovyan/.TinyTeX/texmf-dist/tex/latex/graphics/rotating.sty
Package: rotating 2016/08/11 v2.16d rotated objects in LaTeX
(/home/jovyan/.TinyTeX/texmf-dist/tex/latex/base/ifthen.sty
Package: ifthen 2014/09/29 v1.1c Standard LaTeX ifthen package (DPC)
)
\c@r@tfl@t=\count278
\rotFPtop=\skip53
\rotFPbot=\skip54
\rot@float@box=\box49
\rot@mess@toks=\toks25
) (/home/jovyan/.TinyTeX/texmf-dist/tex/latex/booktabs/booktabs.sty
Package: booktabs 2020/01/12 v1.61803398 Publication quality tables
\heavyrulewidth=\dimen162
\lightrulewidth=\dimen163
\cmidrulewidth=\dimen164
\belowrulesep=\dimen165
\belowbottomsep=\dimen166
\aboverulesep=\dimen167
\abovetopsep=\dimen168
\cmidrulesep=\dimen169
\cmidrulekern=\dimen170
\defaultaddspace=\dimen171
\@cmidla=\count279
\@cmidlb=\count280
\@aboverulesep=\dimen172
\@belowrulesep=\dimen173
\@thisruleclass=\count281
\@lastruleclass=\count282
\@thisrulewidth=\dimen174
) (/home/jovyan/.TinyTeX/texmf-dist/tex/latex/tools/longtable.sty
Package: longtable 2020/01/07 v4.13 Multi-page Table package (DPC)
\LTleft=\skip55
\LTright=\skip56
\LTpre=\skip57
\LTpost=\skip58
\LTchunksize=\count283
\LTcapwidth=\dimen175
\LT@head=\box50
\LT@firsthead=\box51
\LT@foot=\box52
\LT@lastfoot=\box53
\LT@cols=\count284
\LT@rows=\count285
\c@LT@tables=\count286
\c@LT@chunks=\count287
\LT@p@ftn=\toks26
) (/home/jovyan/.TinyTeX/texmf-dist/tex/latex/tools/array.sty
Package: array 2020/10/01 v2.5c Tabular extension package (FMi)
\col@sep=\dimen176
\ar@mcellbox=\box54
\extrarowheight=\dimen177
\NC@list=\toks27
\extratabsurround=\skip59
\backup@length=\skip60
\ar@cellbox=\box55
) (/home/jovyan/.TinyTeX/texmf-dist/tex/latex/multirow/multirow.sty
Package: multirow 2021/03/15 v2.8 Span multiple rows of a table
\multirow@colwidth=\skip61
\multirow@cntb=\count288
\multirow@dima=\skip62
\bigstrutjot=\dimen178
) (/home/jovyan/.TinyTeX/texmf-dist/tex/latex/wrapfig/wrapfig.sty
\wrapoverhang=\dimen179
\WF@size=\dimen180
\c@WF@wrappedlines=\count289
\WF@box=\box56
\WF@everypar=\toks28
Package: wrapfig 2003/01/31  v 3.6
) (/home/jovyan/.TinyTeX/texmf-dist/tex/latex/float/float.sty
Package: float 2001/11/08 v1.3d Float enhancements (AL)
\c@float@type=\count290
\float@exts=\toks29
\float@box=\box57
\@float@everytoks=\toks30
\@floatcapt=\box58
) (/home/jovyan/.TinyTeX/texmf-dist/tex/latex/colortbl/colortbl.sty
Package: colortbl 2020/01/04 v1.0e Color table columns (DPC)
\everycr=\toks31
\minrowclearance=\skip63
) (/home/jovyan/.TinyTeX/texmf-dist/tex/latex/pdflscape/pdflscape.sty
Package: pdflscape 2019/12/05 v0.12 Display of landscape pages in PDF (HO)
(/home/jovyan/.TinyTeX/texmf-dist/tex/latex/graphics/lscape.sty
Package: lscape 2020/05/28 v3.02 Landscape Pages (DPC)
)
Package pdflscape Info: Auto-detected driver: pdftex on input line 81.
) (/home/jovyan/.TinyTeX/texmf-dist/tex/latex/tabu/tabu.sty
Package: tabu 2019/01/11 v2.9 - flexible LaTeX tabulars (FC+tabu-fixed)
(/home/jovyan/.TinyTeX/texmf-dist/tex/latex/varwidth/varwidth.sty
Package: varwidth 2009/03/30 ver 0.92;  Variable-width minipages
\@vwid@box=\box59
\sift@deathcycles=\count291
\@vwid@loff=\dimen181
\@vwid@roff=\dimen182
)
\c@taburow=\count292
\tabu@nbcols=\count293
\tabu@cnt=\count294
\tabu@Xcol=\count295
\tabu@alloc=\count296
\tabu@nested=\count297
\tabu@target=\dimen183
\tabu@spreadtarget=\dimen184
\tabu@naturalX=\dimen185
\tabucolX=\dimen186
\tabu@Xsum=\dimen187
\extrarowdepth=\dimen188
\abovetabulinesep=\dimen189
\belowtabulinesep=\dimen190
\tabustrutrule=\dimen191
\tabu@thebody=\toks32
\tabu@footnotes=\toks33
\tabu@box=\box60
\tabu@arstrutbox=\box61
\tabu@hleads=\box62
\tabu@vleads=\box63
\tabu@cellskip=\skip64
) (/home/jovyan/.TinyTeX/texmf-dist/tex/latex/threeparttable/threeparttable.sty
Package: threeparttable 2003/06/13  v 3.0
\@tempboxb=\box64
)
(/home/jovyan/.TinyTeX/texmf-dist/tex/latex/threeparttablex/threeparttablex.sty
Package: threeparttablex 2013/07/23 v0.3 by daleif
(/home/jovyan/.TinyTeX/texmf-dist/tex/latex/environ/environ.sty
Package: environ 2014/05/04 v0.3 A new way to define environments
(/home/jovyan/.TinyTeX/texmf-dist/tex/latex/trimspaces/trimspaces.sty
Package: trimspaces 2009/09/17 v1.1 Trim spaces around a token list
))
\TPTL@width=\skip65
) (/home/jovyan/.TinyTeX/texmf-dist/tex/generic/ulem/ulem.sty
\UL@box=\box65
\UL@hyphenbox=\box66
\UL@skip=\skip66
\UL@hook=\toks34
\UL@height=\dimen192
\UL@pe=\count298
\UL@pixel=\dimen193
\ULC@box=\box67
Package: ulem 2019/11/18
\ULdepth=\dimen194
) (/home/jovyan/.TinyTeX/texmf-dist/tex/latex/makecell/makecell.sty
Package: makecell 2009/08/03 V0.1e Managing of Tab Column Heads and Cells
\rotheadsize=\dimen195
\c@nlinenum=\count299
\TeXr@lab=\toks35
) (/home/jovyan/.TinyTeX/texmf-dist/tex/latex/l3backend/l3backend-pdftex.def
File: l3backend-pdftex.def 2021-03-18 L3 backend support: PDF output (pdfTeX)
\l__color_backend_stack_int=\count300
\l__pdf_internal_box=\box68
) (./Final_Report.aux)
\openout1 = `Final_Report.aux'.

LaTeX Font Info:    Checking defaults for OML/cmm/m/it on input line 84.
LaTeX Font Info:    ... okay on input line 84.
LaTeX Font Info:    Checking defaults for OMS/cmsy/m/n on input line 84.
LaTeX Font Info:    ... okay on input line 84.
LaTeX Font Info:    Checking defaults for OT1/cmr/m/n on input line 84.
LaTeX Font Info:    ... okay on input line 84.
LaTeX Font Info:    Checking defaults for T1/cmr/m/n on input line 84.
LaTeX Font Info:    ... okay on input line 84.
LaTeX Font Info:    Checking defaults for TS1/cmr/m/n on input line 84.
LaTeX Font Info:    ... okay on input line 84.
LaTeX Font Info:    Checking defaults for OMX/cmex/m/n on input line 84.
LaTeX Font Info:    ... okay on input line 84.
LaTeX Font Info:    Checking defaults for U/cmr/m/n on input line 84.
LaTeX Font Info:    ... okay on input line 84.
LaTeX Font Info:    Checking defaults for PD1/pdf/m/n on input line 84.
LaTeX Font Info:    ... okay on input line 84.
LaTeX Font Info:    Checking defaults for PU/pdf/m/n on input line 84.
LaTeX Font Info:    ... okay on input line 84.
(/home/jovyan/.TinyTeX/texmf-dist/tex/latex/epstopdf-pkg/epstopdf-base.sty
Package: epstopdf-base 2020-01-24 v2.11 Base part for package epstopdf
Package epstopdf-base Info: Redefining graphics rule for `.eps' on input line 4
85.
(/home/jovyan/.TinyTeX/texmf-dist/tex/latex/latexconfig/epstopdf-sys.cfg
File: epstopdf-sys.cfg 2010/07/13 v1.3 Configuration of (r)epstopdf for TeX Liv
e
))
Package hyperref Info: Link coloring OFF on input line 84.
(/home/jovyan/.TinyTeX/texmf-dist/tex/latex/hyperref/nameref.sty
Package: nameref 2021-04-02 v2.47 Cross-referencing by name of section
(/home/jovyan/.TinyTeX/texmf-dist/tex/latex/refcount/refcount.sty
Package: refcount 2019/12/15 v3.6 Data extraction from label references (HO)
)
(/home/jovyan/.TinyTeX/texmf-dist/tex/generic/gettitlestring/gettitlestring.sty
Package: gettitlestring 2019/12/15 v1.6 Cleanup title references (HO)
)
\c@section@level=\count301
)
LaTeX Info: Redefining \ref on input line 84.
LaTeX Info: Redefining \pageref on input line 84.
LaTeX Info: Redefining \nameref on input line 84.
(./Final_Report.out) (./Final_Report.out)
\@outlinefile=\write3
\openout3 = `Final_Report.out'.

*geometry* driver: auto-detecting
*geometry* detected driver: pdftex
*geometry* verbose mode - [ preamble ] result:
* driver: pdftex
* paper: <default>
* layout: <same size as paper>
* layoutoffset:(h,v)=(0.0pt,0.0pt)
* modes: 
* h-part:(L,W,R)=(72.26999pt, 469.75502pt, 72.26999pt)
* v-part:(T,H,B)=(72.26999pt, 650.43001pt, 72.26999pt)
* \paperwidth=614.295pt
* \paperheight=794.96999pt
* \textwidth=469.75502pt
* \textheight=650.43001pt
* \oddsidemargin=0.0pt
* \evensidemargin=0.0pt
* \topmargin=-37.0pt
* \headheight=12.0pt
* \headsep=25.0pt
* \topskip=10.0pt
* \footskip=30.0pt
* \marginparwidth=65.0pt
* \marginparsep=11.0pt
* \columnsep=10.0pt
* \skip\footins=9.0pt plus 4.0pt minus 2.0pt
* \hoffset=0.0pt
* \voffset=0.0pt
* \mag=1000
* \@twocolumnfalse
* \@twosidefalse
* \@mparswitchfalse
* \@reversemarginfalse
* (1in=72.27pt=25.4mm, 1cm=28.453pt)

LaTeX Font Info:    Trying to load font information for OT1+lmr on input line 8
6.
(/home/jovyan/.TinyTeX/texmf-dist/tex/latex/lm/ot1lmr.fd
File: ot1lmr.fd 2015/05/01 v1.6.1 Font defs for Latin Modern
)
LaTeX Font Info:    Trying to load font information for OML+lmm on input line 8
6.
(/home/jovyan/.TinyTeX/texmf-dist/tex/latex/lm/omllmm.fd
File: omllmm.fd 2015/05/01 v1.6.1 Font defs for Latin Modern
)
LaTeX Font Info:    Trying to load font information for OMS+lmsy on input line 
86.
(/home/jovyan/.TinyTeX/texmf-dist/tex/latex/lm/omslmsy.fd
File: omslmsy.fd 2015/05/01 v1.6.1 Font defs for Latin Modern
)
LaTeX Font Info:    Trying to load font information for OMX+lmex on input line 
86.
(/home/jovyan/.TinyTeX/texmf-dist/tex/latex/lm/omxlmex.fd
File: omxlmex.fd 2015/05/01 v1.6.1 Font defs for Latin Modern
)
LaTeX Font Info:    External font `lmex10' loaded for size
(Font)              <12> on input line 86.
LaTeX Font Info:    External font `lmex10' loaded for size
(Font)              <8> on input line 86.
LaTeX Font Info:    External font `lmex10' loaded for size
(Font)              <6> on input line 86.
LaTeX Font Info:    Trying to load font information for U+msa on input line 86.

(/home/jovyan/.TinyTeX/texmf-dist/tex/latex/amsfonts/umsa.fd
File: umsa.fd 2013/01/14 v3.01 AMS symbols A
)
LaTeX Font Info:    Trying to load font information for U+msb on input line 86.

(/home/jovyan/.TinyTeX/texmf-dist/tex/latex/amsfonts/umsb.fd
File: umsb.fd 2013/01/14 v3.01 AMS symbols B
) (./Final_Report.toc
LaTeX Font Info:    External font `lmex10' loaded for size
(Font)              <10> on input line 3.
LaTeX Font Info:    External font `lmex10' loaded for size
(Font)              <7> on input line 3.
LaTeX Font Info:    External font `lmex10' loaded for size
(Font)              <5> on input line 3.
)
\tf@toc=\write4
\openout4 = `Final_Report.toc'.

[1

{/home/jovyan/.TinyTeX/texmf-var/fonts/map/pdftex/updmap/pdftex.map}] [2] [3]
LaTeX Font Info:    Trying to load font information for TS1+lmr on input line 2
84.
(/home/jovyan/.TinyTeX/texmf-dist/tex/latex/lm/ts1lmr.fd
File: ts1lmr.fd 2015/05/01 v1.6.1 Font defs for Latin Modern
)

LaTeX Warning: `!h' float specifier changed to `!ht'.

[4] [5pdfTeX warning (ext4): destination with the same identifier (name{table.1
}) has been already used, duplicate ignored
<argument> ...shipout:D \box_use:N \l_shipout_box 
                                                  
l.426   H
         ispanic or Latino and Race - Separate categorization from race *pdfTeX
 warning (ext4): destination with the same identifier (name{table.2}) has been 
already used, duplicate ignored
<argument> ...shipout:D \box_use:N \l_shipout_box 
                                                  
l.426   H
         ispanic or Latino and Race - Separate categorization from race *]
Underfull \hbox (badness 10000) in paragraph at lines 489--491

 []


LaTeX Warning: `!h' float specifier changed to `!ht'.

[6]
Overfull \hbox (9.88905pt too wide) in paragraph at lines 610--645
 [][] 
 []

[7pdfTeX warning (ext4): destination with the same identifier (name{table.3}) h
as been already used, duplicate ignored
<argument> ...shipout:D \box_use:N \l_shipout_box 
                                                  
l.671   M
         issing data points were found for two fields,] [8pdfTeX warning (ext4)
: destination with the same identifier (name{table.4}) has been already used, d
uplicate ignored
<argument> ...shipout:D \box_use:N \l_shipout_box 
                                                  
l.671   M
         issing data points were found for two fields,]
Overfull \hbox (24.29463pt too wide) in paragraph at lines 686--725
 [][] 
 []


Underfull \hbox (badness 1107) in paragraph at lines 732--743
\T1/lmr/m/n/10 for the 304 days. For the field parks_percent_change_from_baseli
ne, the num-ber of days
 []


Underfull \hbox (badness 1472) in paragraph at lines 732--743
\T1/lmr/m/n/10 varies per state due to the elim-i-na-tion of records with miss-
ing val-ues For the field tran-
 []


Overfull \hbox (25.36372pt too wide) in paragraph at lines 755--776
 [][] 
 []


LaTeX Warning: `!h' float specifier changed to `!ht'.

[9pdfTeX warning (ext4): destination with the same identifier (name{table.5}) h
as been already used, duplicate ignored
<argument> ...shipout:D \box_use:N \l_shipout_box 
                                                  
l.778 \newpage
              ] [10pdfTeX warning (ext4): destination with the same identifier 
(name{table.6}) has been already used, duplicate ignored
<argument> ...shipout:D \box_use:N \l_shipout_box 
                                                  
l.821 ...engineering }}\label{data-engineering-2}}
                                                  ]
Underfull \hbox (badness 10000) in paragraph at lines 904--909
\T1/lmr/m/n/10 dates.\T1/lmr/bx/n/10 Source: []$\T1/lmr/m/n/10 https : / / www 
. nbcnews . com / health / health -[] news / here -[] are -[] stay -[] home -[]
 orders -[] across -[]
 []

[11] [12pdfTeX warning (ext4): destination with the same identifier (name{table
.7}) has been already used, duplicate ignored
<argument> ...shipout:D \box_use:N \l_shipout_box 
                                                  
l.1013 \newpage
               ]
<Final_Report_files/figure-latex/cases_per_100k-1.pdf, id=312, 578.16pt x 361.3
5pt>
File: Final_Report_files/figure-latex/cases_per_100k-1.pdf Graphic file (type p
df)
<use Final_Report_files/figure-latex/cases_per_100k-1.pdf>
Package pdftex.def Info: Final_Report_files/figure-latex/cases_per_100k-1.pdf  
used on input line 1046.
(pdftex.def)             Requested size: 469.75385pt x 293.59616pt.
[13 <./Final_Report_files/figure-latex/cases_per_100k-1.pdf>]
Underfull \hbox (badness 10000) in paragraph at lines 1156--1159

 []

[14]
<Final_Report_files/figure-latex/unnamed-chunk-1-1.pdf, id=344, 1084.05pt x 939
.51pt>
File: Final_Report_files/figure-latex/unnamed-chunk-1-1.pdf Graphic file (type 
pdf)
<use Final_Report_files/figure-latex/unnamed-chunk-1-1.pdf>
Package pdftex.def Info: Final_Report_files/figure-latex/unnamed-chunk-1-1.pdf 
 used on input line 1175.
(pdftex.def)             Requested size: 469.75496pt x 407.12096pt.
[15 <./Final_Report_files/figure-latex/unnamed-chunk-1-1.pdf>]
Overfull \hbox (17.60237pt too wide) in paragraph at lines 1237--1274
 [][] 
 []

[16pdfTeX warning (ext4): destination with the same identifier (name{table.8}) 
has been already used, duplicate ignored
<argument> ...shipout:D \box_use:N \l_shipout_box 
                                                  
l.1284 ...r model 1}\label{variables-for-model-1}}
                                                  ]
<Final_Report_files/figure-latex/unnamed-chunk-3-1.pdf, id=375, 469.755pt x 325
.215pt>
File: Final_Report_files/figure-latex/unnamed-chunk-3-1.pdf Graphic file (type 
pdf)
<use Final_Report_files/figure-latex/unnamed-chunk-3-1.pdf>
Package pdftex.def Info: Final_Report_files/figure-latex/unnamed-chunk-3-1.pdf 
 used on input line 1293.
(pdftex.def)             Requested size: 469.75386pt x 325.2142pt.
<Final_Report_files/figure-latex/psych-1-1.pdf, id=376, 469.755pt x 325.215pt>
File: Final_Report_files/figure-latex/psych-1-1.pdf Graphic file (type pdf)
<use Final_Report_files/figure-latex/psych-1-1.pdf>
Package pdftex.def Info: Final_Report_files/figure-latex/psych-1-1.pdf  used on
 input line 1320.
(pdftex.def)             Requested size: 469.75386pt x 325.2142pt.
[17 <./Final_Report_files/figure-latex/unnamed-chunk-3-1.pdf>]
Overfull \hbox (7.0186pt too wide) in paragraph at lines 1322--1348
[]\T1/lmr/m/n/10 As dis-cussed in \T1/lmr/bx/n/10 sec-tion 3.13.1 \T1/lmr/m/n/1
0 we had hy-poth-e-sized that among the vari-ables, we ex-pected \T1/lmr/m/it/1
0 Days.Stay.At.Home
 []

<Final_Report_files/figure-latex/psych-2-1.pdf, id=392, 469.755pt x 325.215pt>
File: Final_Report_files/figure-latex/psych-2-1.pdf Graphic file (type pdf)
<use Final_Report_files/figure-latex/psych-2-1.pdf>
Package pdftex.def Info: Final_Report_files/figure-latex/psych-2-1.pdf  used on
 input line 1349.
(pdftex.def)             Requested size: 469.75386pt x 325.2142pt.
[18 <./Final_Report_files/figure-latex/psych-1-1.pdf>] [19 <./Final_Report_file
s/figure-latex/psych-2-1.pdf>]
Underfull \hbox (badness 10000) in paragraph at lines 1408--1415

 []


Underfull \hbox (badness 10000) in paragraph at lines 1441--1452

 []

[20]
LaTeX Font Info:    Trying to load font information for T1+lmtt on input line 1
457.
(/home/jovyan/.TinyTeX/texmf-dist/tex/latex/lm/t1lmtt.fd
File: t1lmtt.fd 2015/05/01 v1.6.1 Font defs for Latin Modern
) [21]
Underfull \hbox (badness 1817) in paragraph at lines 1556--1565
[]\T1/lmr/m/n/10 Finally, $\OML/lmm/m/it/10 ^^L[] \OT1/lmr/m/n/10 = \OMS/lmsy/m
/n/10 ^^@\OT1/lmr/m/n/10 315\OML/lmm/m/it/10 :\OT1/lmr/m/n/10 922$\T1/lmr/m/n/1
0 . This rep-re-sents a de-crease in \T1/lmr/m/it/10 Cases.Per.100k \T1/lmr/m/n
/10 with in-crease in
 []

[22]
Overfull \hbox (29.76302pt too wide) detected at line 1610
\OT1/lmr/m/n/10 7\OML/lmm/m/it/10 :\OT1/lmr/m/n/10 469 \OMS/lmsy/m/n/10 ^^B [][
][] \OT1/lmr/m/n/10 + \OML/lmm/m/it/10 ^^O
 []

[23]
Overfull \hbox (48.08313pt too wide) detected at line 1677
\OT1/lmr/m/n/10 7\OML/lmm/m/it/10 :\OT1/lmr/m/n/10 469 \OMS/lmsy/m/n/10 ^^B [] 
[][][] \OT1/lmr/m/n/10 + \OML/lmm/m/it/10 ^^O
 []


Overfull \hbox (11.44492pt too wide) in paragraph at lines 1687--1730
[][] 
 []

[24]
Underfull \hbox (badness 10000) in paragraph at lines 1767--1768

 []


Underfull \hbox (badness 10000) in paragraph at lines 1775--1788

 []

<Final_Report_files/figure-latex/iid-1.pdf, id=467, 433.62pt x 216.81pt>
File: Final_Report_files/figure-latex/iid-1.pdf Graphic file (type pdf)
<use Final_Report_files/figure-latex/iid-1.pdf>
Package pdftex.def Info: Final_Report_files/figure-latex/iid-1.pdf  used on inp
ut line 1789.
(pdftex.def)             Requested size: 433.63878pt x 216.81938pt.

Underfull \hbox (badness 10000) in paragraph at lines 1789--1799
[][]
 []

[25 <./Final_Report_files/figure-latex/iid-1.pdf>]
<Final_Report_files/figure-latex/lce-1.pdf, id=487, 433.62pt x 216.81pt>
File: Final_Report_files/figure-latex/lce-1.pdf Graphic file (type pdf)
<use Final_Report_files/figure-latex/lce-1.pdf>
Package pdftex.def Info: Final_Report_files/figure-latex/lce-1.pdf  used on inp
ut line 1822.
(pdftex.def)             Requested size: 433.63878pt x 216.81938pt.
[26 <./Final_Report_files/figure-latex/lce-1.pdf>]
Underfull \hbox (badness 10000) in paragraph at lines 1886--1890

 []

<Final_Report_files/figure-latex/hms-1.pdf, id=502, 433.62pt x 216.81pt>
File: Final_Report_files/figure-latex/hms-1.pdf Graphic file (type pdf)
<use Final_Report_files/figure-latex/hms-1.pdf>
Package pdftex.def Info: Final_Report_files/figure-latex/hms-1.pdf  used on inp
ut line 1892.
(pdftex.def)             Requested size: 433.63878pt x 216.81938pt.
[27 <./Final_Report_files/figure-latex/hms-1.pdf>] [28]
Underfull \hbox (badness 1297) in paragraph at lines 2058--2078
\T1/lmr/m/n/10 We are go-ing to fo-cus now on the re-la-tion-ship be-tween Trus
t.Governmental.Policy.Responses and
 []

[29] [30]
Underfull \hbox (badness 10000) in paragraph at lines 2154--2178
[]$\T1/lmr/m/n/10 https : / / www . usgs . gov / faqs / what -[] constitutes -[
] united -[] states -[] what -[] are -[] o^^^cial -[] de^^\nitions ? qt -[] new
s _ science _
 []


Underfull \hbox (badness 10000) in paragraph at lines 2154--2178
\T1/lmr/m/n/10 [8] []$https : / / www . propublica . org / article / states -[]
 with -[] few -[] coronavirus -[] restrictions -[] are -[] spreading -[] the -[
] virus -[]
 []


Underfull \hbox (badness 10000) in paragraph at lines 2154--2178
\T1/lmr/m/n/10 [10] []$https : / / www2 . census . gov / programs -[] surveys /
 acs / tech _ docs / accuracy / ACS _ Accuracy _ of _ Data _
 []


Underfull \hbox (badness 10000) in paragraph at lines 2154--2178
\T1/lmr/m/n/10 [11] []$https : / / www . cnbc . com / 2020 / 03 / 31 / the -[] 
coronavirus -[] relief -[] law -[] gives -[] businesses -[] a -[] motive -[] to
 -[] keep -[]
 []


Underfull \hbox (badness 10000) in paragraph at lines 2154--2178

 []

[31] [32]
Overfull \hbox (45.88272pt too wide) in paragraph at lines 2310--2313
[]\T1/lmr/m/n/10 The US files are di-rectly con-verted to data frame in the ana
l-y-sis US 2020: 2020_US_Region_Mobility_Report.csv
 []


Overfull \hbox (45.21814pt too wide) in paragraph at lines 2335--2338
[]\T1/lmr/m/n/10 Download the xlsx file COVID-19 US state pol-icy database M_DD
_YYYY.xlsx to `data/raw/covid_policy_data' 
 []

[33] (./Final_Report.aux)
Package rerunfilecheck Info: File `Final_Report.out' has not changed.
(rerunfilecheck)             Checksum: 2F4E4843A769318E8DB9CBE06DF84EC4;4600.
 ) 
Here is how much of TeX's memory you used:
 12053 strings out of 480954
 175302 string characters out of 5907137
 492941 words of memory out of 5000000
 28719 multiletter control sequences out of 15000+600000
 471268 words of font info for 74 fonts, out of 8000000 for 9000
 14 hyphenation exceptions out of 8191
 71i,11n,74p,424b,465s stack positions out of 5000i,500n,10000p,200000b,80000s
{/home/jovyan/.TinyTeX/texmf-dist/fonts/enc/dvips/lm/lm-mathit.enc}{/home/jov
yan/.TinyTeX/texmf-dist/fonts/enc/dvips/lm/lm-rm.enc}{/home/jovyan/.TinyTeX/tex
mf-dist/fonts/enc/dvips/lm/lm-mathsy.enc}{/home/jovyan/.TinyTeX/texmf-dist/font
s/enc/dvips/lm/lm-ec.enc}{/home/jovyan/.TinyTeX/texmf-dist/fonts/enc/dvips/lm/l
m-mathex.enc}{/home/jovyan/.TinyTeX/texmf-dist/fonts/enc/dvips/lm/lm-ts1.enc}</
home/jovyan/.TinyTeX/texmf-dist/fonts/type1/public/lm/lmbx10.pfb></home/jovyan/
.TinyTeX/texmf-dist/fonts/type1/public/lm/lmbx12.pfb></home/jovyan/.TinyTeX/tex
mf-dist/fonts/type1/public/lm/lmbxi10.pfb></home/jovyan/.TinyTeX/texmf-dist/fon
ts/type1/public/lm/lmex10.pfb></home/jovyan/.TinyTeX/texmf-dist/fonts/type1/pub
lic/lm/lmmi10.pfb></home/jovyan/.TinyTeX/texmf-dist/fonts/type1/public/lm/lmmi7
.pfb></home/jovyan/.TinyTeX/texmf-dist/fonts/type1/public/lm/lmmi8.pfb></home/j
ovyan/.TinyTeX/texmf-dist/fonts/type1/public/lm/lmr10.pfb></home/jovyan/.TinyTe
X/texmf-dist/fonts/type1/public/lm/lmr12.pfb></home/jovyan/.TinyTeX/texmf-dist/
fonts/type1/public/lm/lmr17.pfb></home/jovyan/.TinyTeX/texmf-dist/fonts/type1/p
ublic/lm/lmr6.pfb></home/jovyan/.TinyTeX/texmf-dist/fonts/type1/public/lm/lmr7.
pfb></home/jovyan/.TinyTeX/texmf-dist/fonts/type1/public/lm/lmr8.pfb></home/jov
yan/.TinyTeX/texmf-dist/fonts/type1/public/lm/lmri10.pfb></home/jovyan/.TinyTeX
/texmf-dist/fonts/type1/public/lm/lmri8.pfb></home/jovyan/.TinyTeX/texmf-dist/f
onts/type1/public/lm/lmsy10.pfb></home/jovyan/.TinyTeX/texmf-dist/fonts/type1/p
ublic/lm/lmsy6.pfb></home/jovyan/.TinyTeX/texmf-dist/fonts/type1/public/lm/lmsy
8.pfb></home/jovyan/.TinyTeX/texmf-dist/fonts/type1/public/lm/lmtt10.pfb>
Output written on Final_Report.pdf (33 pages, 1678405 bytes).
PDF statistics:
 743 PDF objects out of 1000 (max. 8388607)
 665 compressed objects within 7 object streams
 298 named destinations out of 1000 (max. 500000)
 225 words of extra memory for PDF output out of 10000 (max. 10000000)

